{"meta": {"format": 3, "version": "7.11.0", "timestamp": "2025-10-31T04:29:26.414487", "branch_coverage": false, "show_contexts": false}, "files": {"src/__init__.py": {"executed_lines": [1, 3], "summary": {"covered_lines": 1, "num_statements": 1, "percent_covered": 100.0, "percent_covered_display": "100", "missing_lines": 0, "excluded_lines": 0}, "missing_lines": [], "excluded_lines": [], "functions": {"": {"executed_lines": [1, 3], "summary": {"covered_lines": 1, "num_statements": 1, "percent_covered": 100.0, "percent_covered_display": "100", "missing_lines": 0, "excluded_lines": 0}, "missing_lines": [], "excluded_lines": []}}, "classes": {"": {"executed_lines": [1, 3], "summary": {"covered_lines": 1, "num_statements": 1, "percent_covered": 100.0, "percent_covered_display": "100", "missing_lines": 0, "excluded_lines": 0}, "missing_lines": [], "excluded_lines": []}}}, "src/config.py": {"executed_lines": [1, 3, 4, 5, 6, 8, 9, 12, 13, 24, 27, 28, 30, 31, 32, 33, 34, 35, 39, 44, 48, 50, 54, 55, 57, 63, 64, 67, 68, 71, 72, 75, 76, 77, 80, 84, 85, 86, 88, 89, 97, 99, 100, 109, 111, 112, 114, 117, 118, 120, 123, 125, 131, 140, 143, 147], "summary": {"covered_lines": 51, "num_statements": 71, "percent_covered": 71.83098591549296, "percent_covered_display": "72", "missing_lines": 20, "excluded_lines": 0}, "missing_lines": [49, 51, 91, 92, 93, 94, 95, 96, 101, 102, 105, 106, 107, 108, 115, 121, 127, 128, 141, 145], "excluded_lines": [], "functions": {"ProxyConfig.model_post_init": {"executed_lines": [48, 50], "summary": {"covered_lines": 2, "num_statements": 4, "percent_covered": 50.0, "percent_covered_display": "50", "missing_lines": 2, "excluded_lines": 0}, "missing_lines": [49, 51], "excluded_lines": []}, "Config.validate_ip_entries": {"executed_lines": [88, 89, 97, 99, 100, 109], "summary": {"covered_lines": 6, "num_statements": 18, "percent_covered": 33.333333333333336, "percent_covered_display": "33", "missing_lines": 12, "excluded_lines": 0}, "missing_lines": [91, 92, 93, 94, 95, 96, 101, 102, 105, 106, 107, 108], "excluded_lines": []}, "Config.from_yaml": {"executed_lines": [114, 117, 118, 120, 123], "summary": {"covered_lines": 5, "num_statements": 7, "percent_covered": 71.42857142857143, "percent_covered_display": "71", "missing_lines": 2, "excluded_lines": 0}, "missing_lines": [115, 121], "excluded_lines": []}, "Config.to_yaml": {"executed_lines": [], "summary": {"covered_lines": 0, "num_statements": 2, "percent_covered": 0.0, "percent_covered_display": "0", "missing_lines": 2, "excluded_lines": 0}, "missing_lines": [127, 128], "excluded_lines": []}, "load_config": {"executed_lines": [140, 143, 147], "summary": {"covered_lines": 3, "num_statements": 5, "percent_covered": 60.0, "percent_covered_display": "60", "missing_lines": 2, "excluded_lines": 0}, "missing_lines": [141, 145], "excluded_lines": []}, "": {"executed_lines": [1, 3, 4, 5, 6, 8, 9, 12, 13, 24, 27, 28, 30, 31, 32, 33, 34, 35, 39, 44, 54, 55, 57, 63, 64, 67, 68, 71, 72, 75, 76, 77, 80, 84, 85, 86, 111, 112, 125, 131], "summary": {"covered_lines": 35, "num_statements": 35, "percent_covered": 100.0, "percent_covered_display": "100", "missing_lines": 0, "excluded_lines": 0}, "missing_lines": [], "excluded_lines": []}}, "classes": {"DNSConfig": {"executed_lines": [], "summary": {"covered_lines": 0, "num_statements": 0, "percent_covered": 100.0, "percent_covered_display": "100", "missing_lines": 0, "excluded_lines": 0}, "missing_lines": [], "excluded_lines": []}, "ProxyConfig": {"executed_lines": [48, 50], "summary": {"covered_lines": 2, "num_statements": 4, "percent_covered": 50.0, "percent_covered_display": "50", "missing_lines": 2, "excluded_lines": 0}, "missing_lines": [49, 51], "excluded_lines": []}, "NetworkConfig": {"executed_lines": [], "summary": {"covered_lines": 0, "num_statements": 0, "percent_covered": 100.0, "percent_covered_display": "100", "missing_lines": 0, "excluded_lines": 0}, "missing_lines": [], "excluded_lines": []}, "Config": {"executed_lines": [88, 89, 97, 99, 100, 109, 114, 117, 118, 120, 123], "summary": {"covered_lines": 11, "num_statements": 27, "percent_covered": 40.74074074074074, "percent_covered_display": "41", "missing_lines": 16, "excluded_lines": 0}, "missing_lines": [91, 92, 93, 94, 95, 96, 101, 102, 105, 106, 107, 108, 115, 121, 127, 128], "excluded_lines": []}, "": {"executed_lines": [1, 3, 4, 5, 6, 8, 9, 12, 13, 24, 27, 28, 30, 31, 32, 33, 34, 35, 39, 44, 54, 55, 57, 63, 64, 67, 68, 71, 72, 75, 76, 77, 80, 84, 85, 86, 111, 112, 125, 131, 140, 143, 147], "summary": {"covered_lines": 38, "num_statements": 40, "percent_covered": 95.0, "percent_covered_display": "95", "missing_lines": 2, "excluded_lines": 0}, "missing_lines": [141, 145], "excluded_lines": []}}}, "src/dns_server.py": {"executed_lines": [1, 3, 4, 5, 6, 7, 8, 9, 11, 12, 13, 15, 18, 19, 20, 22, 23, 24, 25, 26, 29, 30, 32, 34, 35, 36, 38, 48, 49, 51, 52, 53, 56, 58, 59, 60, 62, 63, 69, 71, 80, 81, 83, 91, 99, 105, 106, 108, 109, 110, 111, 113, 115, 124, 125, 127, 128, 129, 130, 132, 134, 140, 151, 153, 154, 157, 158, 160, 166, 167, 169, 171, 172, 185, 190, 195, 196, 198, 217, 220, 221, 223, 230, 232, 241, 245, 247, 258, 259, 260, 269, 271, 277, 278, 280, 311, 312, 313, 314, 315, 316, 317, 318, 319, 320, 323, 324, 325, 326, 328, 372, 400, 424, 506, 622, 659, 727, 737, 774], "summary": {"covered_lines": 114, "num_statements": 274, "percent_covered": 41.605839416058394, "percent_covered_display": "42", "missing_lines": 160, "excluded_lines": 0}, "missing_lines": [218, 242, 273, 274, 334, 336, 345, 346, 348, 349, 352, 353, 354, 355, 356, 361, 363, 364, 366, 370, 381, 383, 385, 386, 390, 392, 393, 396, 398, 409, 412, 413, 416, 417, 418, 419, 420, 422, 437, 438, 439, 441, 442, 443, 444, 447, 449, 450, 454, 456, 461, 464, 466, 475, 476, 481, 483, 485, 494, 495, 497, 499, 500, 504, 516, 517, 519, 520, 523, 525, 532, 541, 542, 545, 547, 554, 563, 564, 567, 568, 570, 571, 574, 575, 576, 585, 595, 604, 605, 606, 613, 620, 624, 625, 627, 629, 630, 632, 646, 647, 654, 655, 656, 657, 664, 665, 667, 669, 670, 671, 674, 677, 679, 680, 682, 684, 685, 686, 687, 690, 691, 699, 701, 702, 708, 714, 715, 720, 721, 722, 723, 725, 733, 734, 735, 739, 741, 744, 747, 748, 749, 750, 752, 760, 763, 764, 766, 767, 768, 769, 770, 771, 772, 776, 779, 780, 781, 782, 784, 785], "excluded_lines": [], "functions": {"DNSCache.__init__": {"executed_lines": [34, 35, 36], "summary": {"covered_lines": 3, "num_statements": 3, "percent_covered": 100.0, "percent_covered_display": "100", "missing_lines": 0, "excluded_lines": 0}, "missing_lines": [], "excluded_lines": []}, "DNSCache.get": {"executed_lines": [48, 49, 51, 52, 53, 56, 58, 59, 60, 62, 63, 69], "summary": {"covered_lines": 12, "num_statements": 12, "percent_covered": 100.0, "percent_covered_display": "100", "missing_lines": 0, "excluded_lines": 0}, "missing_lines": [], "excluded_lines": []}, "DNSCache.put": {"executed_lines": [80, 81, 83, 91], "summary": {"covered_lines": 4, "num_statements": 4, "percent_covered": 100.0, "percent_covered_display": "100", "missing_lines": 0, "excluded_lines": 0}, "missing_lines": [], "excluded_lines": []}, "DNSCache.get_expired_entries": {"executed_lines": [105, 106, 108, 109, 110, 111, 113], "summary": {"covered_lines": 7, "num_statements": 7, "percent_covered": 100.0, "percent_covered_display": "100", "missing_lines": 0, "excluded_lines": 0}, "missing_lines": [], "excluded_lines": []}, "DNSCache.get_expiring_soon_entries": {"executed_lines": [124, 125, 127, 128, 129, 130, 132], "summary": {"covered_lines": 7, "num_statements": 7, "percent_covered": 100.0, "percent_covered_display": "100", "missing_lines": 0, "excluded_lines": 0}, "missing_lines": [], "excluded_lines": []}, "DNSCache.get_stats": {"executed_lines": [140], "summary": {"covered_lines": 1, "num_statements": 1, "percent_covered": 100.0, "percent_covered_display": "100", "missing_lines": 0, "excluded_lines": 0}, "missing_lines": [], "excluded_lines": []}, "DNSCache.clear": {"executed_lines": [153, 154], "summary": {"covered_lines": 2, "num_statements": 2, "percent_covered": 100.0, "percent_covered_display": "100", "missing_lines": 0, "excluded_lines": 0}, "missing_lines": [], "excluded_lines": []}, "DNSMapping.__init__": {"executed_lines": [166, 167], "summary": {"covered_lines": 2, "num_statements": 2, "percent_covered": 100.0, "percent_covered_display": "100", "missing_lines": 0, "excluded_lines": 0}, "missing_lines": [], "excluded_lines": []}, "DNSMapping.init_db": {"executed_lines": [171, 172, 185, 190, 195, 196], "summary": {"covered_lines": 6, "num_statements": 6, "percent_covered": 100.0, "percent_covered_display": "100", "missing_lines": 0, "excluded_lines": 0}, "missing_lines": [], "excluded_lines": []}, "DNSMapping.record_query": {"executed_lines": [217, 220, 221, 223, 230], "summary": {"covered_lines": 5, "num_statements": 6, "percent_covered": 83.33333333333333, "percent_covered_display": "83", "missing_lines": 1, "excluded_lines": 0}, "missing_lines": [218], "excluded_lines": []}, "DNSMapping.lookup_ip": {"executed_lines": [241, 245, 247, 258, 259, 260, 269], "summary": {"covered_lines": 7, "num_statements": 8, "percent_covered": 87.5, "percent_covered_display": "88", "missing_lines": 1, "excluded_lines": 0}, "missing_lines": [242], "excluded_lines": []}, "DNSMapping.close": {"executed_lines": [], "summary": {"covered_lines": 0, "num_statements": 2, "percent_covered": 0.0, "percent_covered_display": "0", "missing_lines": 2, "excluded_lines": 0}, "missing_lines": [273, 274], "excluded_lines": []}, "DNSServer.__init__": {"executed_lines": [311, 312, 313, 314, 315, 316, 317, 318, 319, 320, 323, 324, 325, 326], "summary": {"covered_lines": 14, "num_statements": 14, "percent_covered": 100.0, "percent_covered_display": "100", "missing_lines": 0, "excluded_lines": 0}, "missing_lines": [], "excluded_lines": []}, "DNSServer._detect_dns_bind_ip": {"executed_lines": [], "summary": {"covered_lines": 0, "num_statements": 16, "percent_covered": 0.0, "percent_covered_display": "0", "missing_lines": 16, "excluded_lines": 0}, "missing_lines": [334, 336, 345, 346, 348, 349, 352, 353, 354, 355, 356, 361, 363, 364, 366, 370], "excluded_lines": []}, "DNSServer._is_allowed": {"executed_lines": [], "summary": {"covered_lines": 0, "num_statements": 9, "percent_covered": 0.0, "percent_covered_display": "0", "missing_lines": 9, "excluded_lines": 0}, "missing_lines": [381, 383, 385, 386, 390, 392, 393, 396, 398], "excluded_lines": []}, "DNSServer._is_blocked": {"executed_lines": [], "summary": {"covered_lines": 0, "num_statements": 9, "percent_covered": 0.0, "percent_covered_display": "0", "missing_lines": 9, "excluded_lines": 0}, "missing_lines": [409, 412, 413, 416, 417, 418, 419, 420, 422], "excluded_lines": []}, "DNSServer._resolve_domain": {"executed_lines": [], "summary": {"covered_lines": 0, "num_statements": 26, "percent_covered": 0.0, "percent_covered_display": "0", "missing_lines": 26, "excluded_lines": 0}, "missing_lines": [437, 438, 439, 441, 442, 443, 444, 447, 449, 450, 454, 456, 461, 464, 466, 475, 476, 481, 483, 485, 494, 495, 497, 499, 500, 504], "excluded_lines": []}, "DNSServer.handle_query": {"executed_lines": [], "summary": {"covered_lines": 0, "num_statements": 28, "percent_covered": 0.0, "percent_covered_display": "0", "missing_lines": 28, "excluded_lines": 0}, "missing_lines": [516, 517, 519, 520, 523, 525, 532, 541, 542, 545, 547, 554, 563, 564, 567, 568, 570, 571, 574, 575, 576, 585, 595, 604, 605, 606, 613, 620], "excluded_lines": []}, "DNSServer._save_cache_stats_to_db": {"executed_lines": [], "summary": {"covered_lines": 0, "num_statements": 12, "percent_covered": 0.0, "percent_covered_display": "0", "missing_lines": 12, "excluded_lines": 0}, "missing_lines": [624, 625, 627, 629, 630, 632, 646, 647, 654, 655, 656, 657], "excluded_lines": []}, "DNSServer._cache_refresh_worker": {"executed_lines": [], "summary": {"covered_lines": 0, "num_statements": 28, "percent_covered": 0.0, "percent_covered_display": "0", "missing_lines": 28, "excluded_lines": 0}, "missing_lines": [664, 665, 667, 669, 670, 671, 674, 677, 679, 680, 682, 684, 685, 686, 687, 690, 691, 699, 701, 702, 708, 714, 715, 720, 721, 722, 723, 725], "excluded_lines": []}, "DNSServer.get_cache_stats": {"executed_lines": [], "summary": {"covered_lines": 0, "num_statements": 3, "percent_covered": 0.0, "percent_covered_display": "0", "missing_lines": 3, "excluded_lines": 0}, "missing_lines": [733, 734, 735], "excluded_lines": []}, "DNSServer.start": {"executed_lines": [], "summary": {"covered_lines": 0, "num_statements": 18, "percent_covered": 0.0, "percent_covered_display": "0", "missing_lines": 18, "excluded_lines": 0}, "missing_lines": [739, 741, 744, 747, 748, 749, 750, 752, 760, 763, 764, 766, 767, 768, 769, 770, 771, 772], "excluded_lines": []}, "DNSServer.stop": {"executed_lines": [], "summary": {"covered_lines": 0, "num_statements": 7, "percent_covered": 0.0, "percent_covered_display": "0", "missing_lines": 7, "excluded_lines": 0}, "missing_lines": [776, 779, 780, 781, 782, 784, 785], "excluded_lines": []}, "": {"executed_lines": [1, 3, 4, 5, 6, 7, 8, 9, 11, 12, 13, 15, 18, 19, 20, 22, 23, 24, 25, 26, 29, 30, 32, 38, 71, 99, 115, 134, 151, 157, 158, 160, 169, 198, 232, 271, 277, 278, 280, 328, 372, 400, 424, 506, 622, 659, 727, 737, 774], "summary": {"covered_lines": 44, "num_statements": 44, "percent_covered": 100.0, "percent_covered_display": "100", "missing_lines": 0, "excluded_lines": 0}, "missing_lines": [], "excluded_lines": []}}, "classes": {"DNSCacheEntry": {"executed_lines": [], "summary": {"covered_lines": 0, "num_statements": 0, "percent_covered": 100.0, "percent_covered_display": "100", "missing_lines": 0, "excluded_lines": 0}, "missing_lines": [], "excluded_lines": []}, "DNSCache": {"executed_lines": [34, 35, 36, 48, 49, 51, 52, 53, 56, 58, 59, 60, 62, 63, 69, 80, 81, 83, 91, 105, 106, 108, 109, 110, 111, 113, 124, 125, 127, 128, 129, 130, 132, 140, 153, 154], "summary": {"covered_lines": 36, "num_statements": 36, "percent_covered": 100.0, "percent_covered_display": "100", "missing_lines": 0, "excluded_lines": 0}, "missing_lines": [], "excluded_lines": []}, "DNSMapping": {"executed_lines": [166, 167, 171, 172, 185, 190, 195, 196, 217, 220, 221, 223, 230, 241, 245, 247, 258, 259, 260, 269], "summary": {"covered_lines": 20, "num_statements": 24, "percent_covered": 83.33333333333333, "percent_covered_display": "83", "missing_lines": 4, "excluded_lines": 0}, "missing_lines": [218, 242, 273, 274], "excluded_lines": []}, "DNSServer": {"executed_lines": [311, 312, 313, 314, 315, 316, 317, 318, 319, 320, 323, 324, 325, 326], "summary": {"covered_lines": 14, "num_statements": 170, "percent_covered": 8.235294117647058, "percent_covered_display": "8", "missing_lines": 156, "excluded_lines": 0}, "missing_lines": [334, 336, 345, 346, 348, 349, 352, 353, 354, 355, 356, 361, 363, 364, 366, 370, 381, 383, 385, 386, 390, 392, 393, 396, 398, 409, 412, 413, 416, 417, 418, 419, 420, 422, 437, 438, 439, 441, 442, 443, 444, 447, 449, 450, 454, 456, 461, 464, 466, 475, 476, 481, 483, 485, 494, 495, 497, 499, 500, 504, 516, 517, 519, 520, 523, 525, 532, 541, 542, 545, 547, 554, 563, 564, 567, 568, 570, 571, 574, 575, 576, 585, 595, 604, 605, 606, 613, 620, 624, 625, 627, 629, 630, 632, 646, 647, 654, 655, 656, 657, 664, 665, 667, 669, 670, 671, 674, 677, 679, 680, 682, 684, 685, 686, 687, 690, 691, 699, 701, 702, 708, 714, 715, 720, 721, 722, 723, 725, 733, 734, 735, 739, 741, 744, 747, 748, 749, 750, 752, 760, 763, 764, 766, 767, 768, 769, 770, 771, 772, 776, 779, 780, 781, 782, 784, 785], "excluded_lines": []}, "": {"executed_lines": [1, 3, 4, 5, 6, 7, 8, 9, 11, 12, 13, 15, 18, 19, 20, 22, 23, 24, 25, 26, 29, 30, 32, 38, 71, 99, 115, 134, 151, 157, 158, 160, 169, 198, 232, 271, 277, 278, 280, 328, 372, 400, 424, 506, 622, 659, 727, 737, 774], "summary": {"covered_lines": 44, "num_statements": 44, "percent_covered": 100.0, "percent_covered_display": "100", "missing_lines": 0, "excluded_lines": 0}, "missing_lines": [], "excluded_lines": []}}}, "src/firewall.py": {"executed_lines": [1, 3, 5, 8, 9, 11, 22, 23, 24, 27, 28, 30, 39, 40, 41, 42, 44, 45, 46, 50, 55, 61, 67, 71, 74, 75, 76, 81, 97, 98, 101, 114, 127, 143, 157, 173, 189, 206, 218, 232, 245, 259, 272, 286, 291, 293, 302, 303, 305, 306, 310, 312, 322, 336, 365, 500, 557, 566, 569, 572, 588, 590, 592, 594, 596, 607, 624, 639, 645, 647, 1069, 1072, 1073, 1076, 1078, 1080], "summary": {"covered_lines": 74, "num_statements": 171, "percent_covered": 43.27485380116959, "percent_covered_display": "43", "missing_lines": 97, "excluded_lines": 0}, "missing_lines": [51, 52, 53, 94, 308, 345, 346, 360, 361, 363, 376, 377, 380, 383, 386, 387, 390, 392, 412, 430, 433, 436, 439, 440, 443, 446, 448, 466, 486, 488, 490, 498, 510, 511, 513, 516, 517, 523, 524, 525, 526, 527, 528, 529, 530, 532, 533, 535, 538, 539, 541, 542, 544, 545, 547, 548, 555, 567, 667, 668, 675, 676, 679, 681, 688, 689, 690, 692, 699, 700, 701, 704, 706, 714, 716, 717, 718, 724, 725, 726, 728, 729, 732, 857, 1009, 1037, 1039, 1040, 1041, 1044, 1051, 1052, 1059, 1060, 1062, 1063, 1067], "excluded_lines": [], "functions": {"FirewallManager.__init__": {"executed_lines": [22, 23, 24, 27, 28], "summary": {"covered_lines": 5, "num_statements": 5, "percent_covered": 100.0, "percent_covered_display": "100", "missing_lines": 0, "excluded_lines": 0}, "missing_lines": [], "excluded_lines": []}, "FirewallManager._run_command": {"executed_lines": [39, 40, 41, 42, 44, 45, 46, 50], "summary": {"covered_lines": 8, "num_statements": 11, "percent_covered": 72.72727272727273, "percent_covered_display": "73", "missing_lines": 3, "excluded_lines": 0}, "missing_lines": [51, 52, 53], "excluded_lines": []}, "FirewallManager.initialize_firewall": {"executed_lines": [61, 67, 71, 74, 75, 76, 81, 97, 98, 101, 114, 127, 143, 157, 173, 189, 206, 218, 232, 245, 259, 272, 286, 291], "summary": {"covered_lines": 24, "num_statements": 25, "percent_covered": 96.0, "percent_covered_display": "96", "missing_lines": 1, "excluded_lines": 0}, "missing_lines": [94], "excluded_lines": []}, "FirewallManager.enable_block_logging": {"executed_lines": [302, 303, 305, 306, 310], "summary": {"covered_lines": 5, "num_statements": 6, "percent_covered": 83.33333333333333, "percent_covered_display": "83", "missing_lines": 1, "excluded_lines": 0}, "missing_lines": [308], "excluded_lines": []}, "FirewallManager._add_block_log_rule": {"executed_lines": [322], "summary": {"covered_lines": 1, "num_statements": 1, "percent_covered": 100.0, "percent_covered_display": "100", "missing_lines": 0, "excluded_lines": 0}, "missing_lines": [], "excluded_lines": []}, "FirewallManager._remove_block_log_rule": {"executed_lines": [], "summary": {"covered_lines": 0, "num_statements": 5, "percent_covered": 0.0, "percent_covered_display": "0", "missing_lines": 5, "excluded_lines": 0}, "missing_lines": [345, 346, 360, 361, 363], "excluded_lines": []}, "FirewallManager.setup_domain": {"executed_lines": [], "summary": {"covered_lines": 0, "num_statements": 22, "percent_covered": 0.0, "percent_covered_display": "0", "missing_lines": 22, "excluded_lines": 0}, "missing_lines": [376, 377, 380, 383, 386, 387, 390, 392, 412, 430, 433, 436, 439, 440, 443, 446, 448, 466, 486, 488, 490, 498], "excluded_lines": []}, "FirewallManager.update_domain_ips": {"executed_lines": [], "summary": {"covered_lines": 0, "num_statements": 25, "percent_covered": 0.0, "percent_covered_display": "0", "missing_lines": 25, "excluded_lines": 0}, "missing_lines": [510, 511, 513, 516, 517, 523, 524, 525, 526, 527, 528, 529, 530, 532, 533, 535, 538, 539, 541, 542, 544, 545, 547, 548, 555], "excluded_lines": []}, "FirewallManager.remove_domain": {"executed_lines": [566, 569, 572, 588, 590, 592, 594], "summary": {"covered_lines": 7, "num_statements": 8, "percent_covered": 87.5, "percent_covered_display": "88", "missing_lines": 1, "excluded_lines": 0}, "missing_lines": [567], "excluded_lines": []}, "FirewallManager.setup_static_ip_rules": {"executed_lines": [607, 624, 639, 645], "summary": {"covered_lines": 4, "num_statements": 4, "percent_covered": 100.0, "percent_covered_display": "100", "missing_lines": 0, "excluded_lines": 0}, "missing_lines": [], "excluded_lines": []}, "FirewallManager.setup_host_firewall_rules": {"executed_lines": [], "summary": {"covered_lines": 0, "num_statements": 39, "percent_covered": 0.0, "percent_covered_display": "0", "missing_lines": 39, "excluded_lines": 0}, "missing_lines": [667, 668, 675, 676, 679, 681, 688, 689, 690, 692, 699, 700, 701, 704, 706, 714, 716, 717, 718, 724, 725, 726, 728, 729, 732, 857, 1009, 1037, 1039, 1040, 1041, 1044, 1051, 1052, 1059, 1060, 1062, 1063, 1067], "excluded_lines": []}, "FirewallManager.cleanup": {"executed_lines": [1072, 1073, 1076, 1078, 1080], "summary": {"covered_lines": 5, "num_statements": 5, "percent_covered": 100.0, "percent_covered_display": "100", "missing_lines": 0, "excluded_lines": 0}, "missing_lines": [], "excluded_lines": []}, "": {"executed_lines": [1, 3, 5, 8, 9, 11, 30, 55, 293, 312, 336, 365, 500, 557, 596, 647, 1069], "summary": {"covered_lines": 15, "num_statements": 15, "percent_covered": 100.0, "percent_covered_display": "100", "missing_lines": 0, "excluded_lines": 0}, "missing_lines": [], "excluded_lines": []}}, "classes": {"FirewallManager": {"executed_lines": [22, 23, 24, 27, 28, 39, 40, 41, 42, 44, 45, 46, 50, 61, 67, 71, 74, 75, 76, 81, 97, 98, 101, 114, 127, 143, 157, 173, 189, 206, 218, 232, 245, 259, 272, 286, 291, 302, 303, 305, 306, 310, 322, 566, 569, 572, 588, 590, 592, 594, 607, 624, 639, 645, 1072, 1073, 1076, 1078, 1080], "summary": {"covered_lines": 59, "num_statements": 156, "percent_covered": 37.82051282051282, "percent_covered_display": "38", "missing_lines": 97, "excluded_lines": 0}, "missing_lines": [51, 52, 53, 94, 308, 345, 346, 360, 361, 363, 376, 377, 380, 383, 386, 387, 390, 392, 412, 430, 433, 436, 439, 440, 443, 446, 448, 466, 486, 488, 490, 498, 510, 511, 513, 516, 517, 523, 524, 525, 526, 527, 528, 529, 530, 532, 533, 535, 538, 539, 541, 542, 544, 545, 547, 548, 555, 567, 667, 668, 675, 676, 679, 681, 688, 689, 690, 692, 699, 700, 701, 704, 706, 714, 716, 717, 718, 724, 725, 726, 728, 729, 732, 857, 1009, 1037, 1039, 1040, 1041, 1044, 1051, 1052, 1059, 1060, 1062, 1063, 1067], "excluded_lines": []}, "": {"executed_lines": [1, 3, 5, 8, 9, 11, 30, 55, 293, 312, 336, 365, 500, 557, 596, 647, 1069], "summary": {"covered_lines": 15, "num_statements": 15, "percent_covered": 100.0, "percent_covered_display": "100", "missing_lines": 0, "excluded_lines": 0}, "missing_lines": [], "excluded_lines": []}}}, "src/firewall_monitor.py": {"executed_lines": [1, 3, 4, 5, 7, 9, 12, 13, 15, 21, 22, 23, 25, 49, 81, 116, 179, 184], "summary": {"covered_lines": 16, "num_statements": 75, "percent_covered": 21.333333333333332, "percent_covered_display": "21", "missing_lines": 59, "excluded_lines": 0}, "missing_lines": [27, 28, 40, 46, 47, 60, 61, 63, 64, 71, 73, 93, 94, 96, 98, 99, 100, 101, 103, 104, 106, 112, 113, 114, 122, 123, 125, 127, 128, 130, 140, 143, 144, 145, 147, 148, 151, 152, 153, 160, 162, 163, 164, 165, 168, 169, 170, 172, 173, 174, 175, 176, 177, 181, 182, 186, 187, 188, 189], "excluded_lines": [], "functions": {"FirewallMonitor.__init__": {"executed_lines": [21, 22, 23], "summary": {"covered_lines": 3, "num_statements": 3, "percent_covered": 100.0, "percent_covered_display": "100", "missing_lines": 0, "excluded_lines": 0}, "missing_lines": [], "excluded_lines": []}, "FirewallMonitor.init_db": {"executed_lines": [], "summary": {"covered_lines": 0, "num_statements": 5, "percent_covered": 0.0, "percent_covered_display": "0", "missing_lines": 5, "excluded_lines": 0}, "missing_lines": [27, 28, 40, 46, 47], "excluded_lines": []}, "FirewallMonitor.record_block": {"executed_lines": [], "summary": {"covered_lines": 0, "num_statements": 6, "percent_covered": 0.0, "percent_covered_display": "0", "missing_lines": 6, "excluded_lines": 0}, "missing_lines": [60, 61, 63, 64, 71, 73], "excluded_lines": []}, "FirewallMonitor.parse_iptables_log": {"executed_lines": [], "summary": {"covered_lines": 0, "num_statements": 13, "percent_covered": 0.0, "percent_covered_display": "0", "missing_lines": 13, "excluded_lines": 0}, "missing_lines": [93, 94, 96, 98, 99, 100, 101, 103, 104, 106, 112, 113, 114], "excluded_lines": []}, "FirewallMonitor.monitor_ulog_file": {"executed_lines": [], "summary": {"covered_lines": 0, "num_statements": 29, "percent_covered": 0.0, "percent_covered_display": "0", "missing_lines": 29, "excluded_lines": 0}, "missing_lines": [122, 123, 125, 127, 128, 130, 140, 143, 144, 145, 147, 148, 151, 152, 153, 160, 162, 163, 164, 165, 168, 169, 170, 172, 173, 174, 175, 176, 177], "excluded_lines": []}, "FirewallMonitor.start": {"executed_lines": [], "summary": {"covered_lines": 0, "num_statements": 2, "percent_covered": 0.0, "percent_covered_display": "0", "missing_lines": 2, "excluded_lines": 0}, "missing_lines": [181, 182], "excluded_lines": []}, "FirewallMonitor.stop": {"executed_lines": [], "summary": {"covered_lines": 0, "num_statements": 4, "percent_covered": 0.0, "percent_covered_display": "0", "missing_lines": 4, "excluded_lines": 0}, "missing_lines": [186, 187, 188, 189], "excluded_lines": []}, "": {"executed_lines": [1, 3, 4, 5, 7, 9, 12, 13, 15, 25, 49, 81, 116, 179, 184], "summary": {"covered_lines": 13, "num_statements": 13, "percent_covered": 100.0, "percent_covered_display": "100", "missing_lines": 0, "excluded_lines": 0}, "missing_lines": [], "excluded_lines": []}}, "classes": {"FirewallMonitor": {"executed_lines": [21, 22, 23], "summary": {"covered_lines": 3, "num_statements": 62, "percent_covered": 4.838709677419355, "percent_covered_display": "5", "missing_lines": 59, "excluded_lines": 0}, "missing_lines": [27, 28, 40, 46, 47, 60, 61, 63, 64, 71, 73, 93, 94, 96, 98, 99, 100, 101, 103, 104, 106, 112, 113, 114, 122, 123, 125, 127, 128, 130, 140, 143, 144, 145, 147, 148, 151, 152, 153, 160, 162, 163, 164, 165, 168, 169, 170, 172, 173, 174, 175, 176, 177, 181, 182, 186, 187, 188, 189], "excluded_lines": []}, "": {"executed_lines": [1, 3, 4, 5, 7, 9, 12, 13, 15, 25, 49, 81, 116, 179, 184], "summary": {"covered_lines": 13, "num_statements": 13, "percent_covered": 100.0, "percent_covered_display": "100", "missing_lines": 0, "excluded_lines": 0}, "missing_lines": [], "excluded_lines": []}}}, "src/ip_manager.py": {"executed_lines": [1, 3, 4, 6, 9, 10, 12, 14, 15, 17, 26, 27, 28, 30, 31, 33, 34, 35, 36, 38, 41, 42, 46, 48, 50, 59, 60, 66, 67, 69, 70, 71, 75, 80, 83, 84, 87, 88, 91, 95, 96, 102, 104, 115, 119, 120, 122, 123, 125, 126, 129, 132, 133, 134, 135, 136, 137, 139, 141, 146, 148, 150, 151, 152], "summary": {"covered_lines": 62, "num_statements": 66, "percent_covered": 93.93939393939394, "percent_covered_display": "94", "missing_lines": 4, "excluded_lines": 0}, "missing_lines": [76, 77, 78, 116], "excluded_lines": [], "functions": {"StaticIPManager.__init__": {"executed_lines": [14, 15], "summary": {"covered_lines": 2, "num_statements": 2, "percent_covered": 100.0, "percent_covered_display": "100", "missing_lines": 0, "excluded_lines": 0}, "missing_lines": [], "excluded_lines": []}, "StaticIPManager._expand_ip_range": {"executed_lines": [26, 27, 28, 30, 31, 33, 34, 35, 36, 38, 41, 42, 46, 48], "summary": {"covered_lines": 14, "num_statements": 14, "percent_covered": 100.0, "percent_covered_display": "100", "missing_lines": 0, "excluded_lines": 0}, "missing_lines": [], "excluded_lines": []}, "StaticIPManager._run_ipset_command": {"executed_lines": [59, 60, 66, 67, 69, 70, 71, 75], "summary": {"covered_lines": 8, "num_statements": 11, "percent_covered": 72.72727272727273, "percent_covered_display": "73", "missing_lines": 3, "excluded_lines": 0}, "missing_lines": [76, 77, 78], "excluded_lines": []}, "StaticIPManager.create_ipsets": {"executed_lines": [83, 84, 87, 88, 91, 95, 96, 102], "summary": {"covered_lines": 8, "num_statements": 8, "percent_covered": 100.0, "percent_covered_display": "100", "missing_lines": 0, "excluded_lines": 0}, "missing_lines": [], "excluded_lines": []}, "StaticIPManager.setup_static_ips": {"executed_lines": [115, 119, 120, 122, 123, 125, 126, 129, 132, 133, 134, 135, 136, 137, 139, 141, 146], "summary": {"covered_lines": 17, "num_statements": 18, "percent_covered": 94.44444444444444, "percent_covered_display": "94", "missing_lines": 1, "excluded_lines": 0}, "missing_lines": [116], "excluded_lines": []}, "StaticIPManager.cleanup": {"executed_lines": [150, 151, 152], "summary": {"covered_lines": 3, "num_statements": 3, "percent_covered": 100.0, "percent_covered_display": "100", "missing_lines": 0, "excluded_lines": 0}, "missing_lines": [], "excluded_lines": []}, "": {"executed_lines": [1, 3, 4, 6, 9, 10, 12, 17, 50, 80, 104, 148], "summary": {"covered_lines": 10, "num_statements": 10, "percent_covered": 100.0, "percent_covered_display": "100", "missing_lines": 0, "excluded_lines": 0}, "missing_lines": [], "excluded_lines": []}}, "classes": {"StaticIPManager": {"executed_lines": [14, 15, 26, 27, 28, 30, 31, 33, 34, 35, 36, 38, 41, 42, 46, 48, 59, 60, 66, 67, 69, 70, 71, 75, 83, 84, 87, 88, 91, 95, 96, 102, 115, 119, 120, 122, 123, 125, 126, 129, 132, 133, 134, 135, 136, 137, 139, 141, 146, 150, 151, 152], "summary": {"covered_lines": 52, "num_statements": 56, "percent_covered": 92.85714285714286, "percent_covered_display": "93", "missing_lines": 4, "excluded_lines": 0}, "missing_lines": [76, 77, 78, 116], "excluded_lines": []}, "": {"executed_lines": [1, 3, 4, 6, 9, 10, 12, 17, 50, 80, 104, 148], "summary": {"covered_lines": 10, "num_statements": 10, "percent_covered": 100.0, "percent_covered_display": "100", "missing_lines": 0, "excluded_lines": 0}, "missing_lines": [], "excluded_lines": []}}}, "src/logger.py": {"executed_lines": [1, 3, 4, 5, 7, 10, 11, 13, 14, 15, 16, 17, 20, 21, 23, 24, 25, 26, 27, 30, 33, 40, 58, 60, 61, 64, 76, 113, 115, 116, 119, 121, 122], "summary": {"covered_lines": 30, "num_statements": 46, "percent_covered": 65.21739130434783, "percent_covered_display": "65", "missing_lines": 16, "excluded_lines": 0}, "missing_lines": [66, 67, 85, 87, 88, 90, 91, 93, 95, 102, 103, 104, 105, 107, 108, 110], "excluded_lines": [], "functions": {"setup_logging": {"executed_lines": [33, 40], "summary": {"covered_lines": 2, "num_statements": 2, "percent_covered": 100.0, "percent_covered_display": "100", "missing_lines": 0, "excluded_lines": 0}, "missing_lines": [], "excluded_lines": []}, "get_logger": {"executed_lines": [60, 61], "summary": {"covered_lines": 2, "num_statements": 2, "percent_covered": 100.0, "percent_covered_display": "100", "missing_lines": 0, "excluded_lines": 0}, "missing_lines": [], "excluded_lines": []}, "log_dns_query": {"executed_lines": [], "summary": {"covered_lines": 0, "num_statements": 2, "percent_covered": 0.0, "percent_covered_display": "0", "missing_lines": 2, "excluded_lines": 0}, "missing_lines": [66, 67], "excluded_lines": []}, "log_firewall_action": {"executed_lines": [], "summary": {"covered_lines": 0, "num_statements": 14, "percent_covered": 0.0, "percent_covered_display": "0", "missing_lines": 14, "excluded_lines": 0}, "missing_lines": [85, 87, 88, 90, 91, 93, 95, 102, 103, 104, 105, 107, 108, 110], "excluded_lines": []}, "log_system_event": {"executed_lines": [115, 116], "summary": {"covered_lines": 2, "num_statements": 2, "percent_covered": 100.0, "percent_covered_display": "100", "missing_lines": 0, "excluded_lines": 0}, "missing_lines": [], "excluded_lines": []}, "log_error": {"executed_lines": [121, 122], "summary": {"covered_lines": 2, "num_statements": 2, "percent_covered": 100.0, "percent_covered_display": "100", "missing_lines": 0, "excluded_lines": 0}, "missing_lines": [], "excluded_lines": []}, "": {"executed_lines": [1, 3, 4, 5, 7, 10, 11, 13, 14, 15, 16, 17, 20, 21, 23, 24, 25, 26, 27, 30, 58, 64, 76, 113, 119], "summary": {"covered_lines": 22, "num_statements": 22, "percent_covered": 100.0, "percent_covered_display": "100", "missing_lines": 0, "excluded_lines": 0}, "missing_lines": [], "excluded_lines": []}}, "classes": {"LogLevel": {"executed_lines": [], "summary": {"covered_lines": 0, "num_statements": 0, "percent_covered": 100.0, "percent_covered_display": "100", "missing_lines": 0, "excluded_lines": 0}, "missing_lines": [], "excluded_lines": []}, "ComponentType": {"executed_lines": [], "summary": {"covered_lines": 0, "num_statements": 0, "percent_covered": 100.0, "percent_covered_display": "100", "missing_lines": 0, "excluded_lines": 0}, "missing_lines": [], "excluded_lines": []}, "": {"executed_lines": [1, 3, 4, 5, 7, 10, 11, 13, 14, 15, 16, 17, 20, 21, 23, 24, 25, 26, 27, 30, 33, 40, 58, 60, 61, 64, 76, 113, 115, 116, 119, 121, 122], "summary": {"covered_lines": 30, "num_statements": 46, "percent_covered": 65.21739130434783, "percent_covered_display": "65", "missing_lines": 16, "excluded_lines": 0}, "missing_lines": [66, 67, 85, 87, 88, 90, 91, 93, 95, 102, 103, 104, 105, 107, 108, 110], "excluded_lines": []}}}, "src/main.py": {"executed_lines": [1, 3, 4, 5, 6, 8, 11, 14, 17, 20, 21, 22, 23, 24, 25, 26, 27, 28, 31], "summary": {"covered_lines": 18, "num_statements": 19, "percent_covered": 94.73684210526316, "percent_covered_display": "95", "missing_lines": 1, "excluded_lines": 0}, "missing_lines": [32], "excluded_lines": [], "functions": {"main": {"executed_lines": [14, 17, 20, 21, 22, 23, 24, 25, 26, 27, 28], "summary": {"covered_lines": 11, "num_statements": 11, "percent_covered": 100.0, "percent_covered_display": "100", "missing_lines": 0, "excluded_lines": 0}, "missing_lines": [], "excluded_lines": []}, "": {"executed_lines": [1, 3, 4, 5, 6, 8, 11, 31], "summary": {"covered_lines": 7, "num_statements": 8, "percent_covered": 87.5, "percent_covered_display": "88", "missing_lines": 1, "excluded_lines": 0}, "missing_lines": [32], "excluded_lines": []}}, "classes": {"": {"executed_lines": [1, 3, 4, 5, 6, 8, 11, 14, 17, 20, 21, 22, 23, 24, 25, 26, 27, 28, 31], "summary": {"covered_lines": 18, "num_statements": 19, "percent_covered": 94.73684210526316, "percent_covered_display": "95", "missing_lines": 1, "excluded_lines": 0}, "missing_lines": [32], "excluded_lines": []}}}, "src/orchestrator.py": {"executed_lines": [1, 3, 4, 5, 6, 7, 8, 9, 10, 11, 13, 14, 15, 16, 17, 18, 19, 20, 23, 24, 26, 27, 37, 39, 40, 41, 43, 44, 45, 48, 51, 59, 66, 67, 70, 78, 79, 81, 82, 84, 90, 98, 99, 101, 102, 109, 110, 111, 112, 113, 115, 123, 125, 134, 136, 137, 141, 143, 144, 154, 156, 163, 171, 176, 178, 184, 185, 189, 191, 192, 204, 205, 213, 214, 215, 218, 219, 221, 222, 223, 225, 226, 229, 230, 231, 234, 235, 237, 238, 239, 240, 242, 243, 244, 245, 260, 264, 265, 266, 267, 281, 282, 286, 288, 289, 295, 296, 297, 298, 300, 304, 306, 316, 320, 322, 324, 327, 330, 331, 332, 334, 342, 346, 354, 358, 361, 367, 378, 381, 382, 383, 393, 394, 395, 397, 429, 493, 553, 598, 618, 624], "summary": {"covered_lines": 139, "num_statements": 247, "percent_covered": 56.2753036437247, "percent_covered_display": "56", "missing_lines": 108, "excluded_lines": 0}, "missing_lines": [91, 95, 116, 120, 179, 183, 253, 274, 301, 302, 406, 408, 410, 411, 414, 415, 416, 417, 418, 419, 420, 421, 424, 425, 427, 439, 441, 442, 443, 447, 449, 450, 454, 456, 459, 460, 461, 462, 463, 464, 465, 466, 467, 469, 470, 474, 477, 478, 482, 484, 491, 499, 502, 503, 504, 507, 511, 512, 515, 519, 520, 523, 525, 526, 530, 531, 535, 536, 537, 540, 542, 551, 556, 559, 560, 561, 564, 565, 569, 572, 573, 574, 577, 578, 579, 580, 581, 582, 585, 586, 587, 588, 590, 591, 592, 593, 594, 596, 600, 603, 606, 607, 610, 613, 615, 620, 621, 625], "excluded_lines": [], "functions": {"SecurityGatewayOrchestrator._detect_network_interfaces_from_docker_api": {"executed_lines": [37, 39, 40, 41, 43, 44, 45, 48, 51, 59, 66, 67, 70, 78, 79, 81, 82, 84, 90, 98, 99, 101, 102, 109, 110, 111, 112, 113, 115, 123, 125, 134, 136, 137, 141], "summary": {"covered_lines": 35, "num_statements": 39, "percent_covered": 89.74358974358974, "percent_covered_display": "90", "missing_lines": 4, "excluded_lines": 0}, "missing_lines": [91, 95, 116, 120], "excluded_lines": []}, "SecurityGatewayOrchestrator._setup_default_route": {"executed_lines": [154, 156, 163, 171, 176, 178, 184, 185, 189], "summary": {"covered_lines": 9, "num_statements": 11, "percent_covered": 81.81818181818181, "percent_covered_display": "82", "missing_lines": 2, "excluded_lines": 0}, "missing_lines": [179, 183], "excluded_lines": []}, "SecurityGatewayOrchestrator._detect_network_interfaces": {"executed_lines": [204, 205, 213, 214, 215, 218, 219, 221, 222, 223, 225, 226, 229, 230, 231, 234, 235, 237, 238, 239, 240, 242, 243, 244, 245, 260, 264, 265, 266, 267, 281, 282, 286, 288, 289, 295, 296, 297, 298, 300, 304], "summary": {"covered_lines": 41, "num_statements": 45, "percent_covered": 91.11111111111111, "percent_covered_display": "91", "missing_lines": 4, "excluded_lines": 0}, "missing_lines": [253, 274, 301, 302], "excluded_lines": []}, "SecurityGatewayOrchestrator.__init__": {"executed_lines": [316, 320, 322, 324, 327, 330, 331, 332, 334, 342, 346, 354, 358, 361, 367, 378, 381, 382, 383, 393, 394, 395], "summary": {"covered_lines": 22, "num_statements": 22, "percent_covered": 100.0, "percent_covered_display": "100", "missing_lines": 0, "excluded_lines": 0}, "missing_lines": [], "excluded_lines": []}, "SecurityGatewayOrchestrator._match_allowed_domain": {"executed_lines": [], "summary": {"covered_lines": 0, "num_statements": 15, "percent_covered": 0.0, "percent_covered_display": "0", "missing_lines": 15, "excluded_lines": 0}, "missing_lines": [406, 408, 410, 411, 414, 415, 416, 417, 418, 419, 420, 421, 424, 425, 427], "excluded_lines": []}, "SecurityGatewayOrchestrator.apply_domain_rule": {"executed_lines": [], "summary": {"covered_lines": 0, "num_statements": 26, "percent_covered": 0.0, "percent_covered_display": "0", "missing_lines": 26, "excluded_lines": 0}, "missing_lines": [439, 441, 442, 443, 447, 449, 450, 454, 456, 459, 460, 461, 462, 463, 464, 465, 466, 467, 469, 470, 474, 477, 478, 482, 484, 491], "excluded_lines": []}, "SecurityGatewayOrchestrator.initialize": {"executed_lines": [], "summary": {"covered_lines": 0, "num_statements": 21, "percent_covered": 0.0, "percent_covered_display": "0", "missing_lines": 21, "excluded_lines": 0}, "missing_lines": [499, 502, 503, 504, 507, 511, 512, 515, 519, 520, 523, 525, 526, 530, 531, 535, 536, 537, 540, 542, 551], "excluded_lines": []}, "SecurityGatewayOrchestrator.start": {"executed_lines": [], "summary": {"covered_lines": 0, "num_statements": 26, "percent_covered": 0.0, "percent_covered_display": "0", "missing_lines": 26, "excluded_lines": 0}, "missing_lines": [556, 559, 560, 561, 564, 565, 569, 572, 573, 574, 577, 578, 579, 580, 581, 582, 585, 586, 587, 588, 590, 591, 592, 593, 594, 596], "excluded_lines": []}, "SecurityGatewayOrchestrator.cleanup": {"executed_lines": [], "summary": {"covered_lines": 0, "num_statements": 7, "percent_covered": 0.0, "percent_covered_display": "0", "missing_lines": 7, "excluded_lines": 0}, "missing_lines": [600, 603, 606, 607, 610, 613, 615], "excluded_lines": []}, "main": {"executed_lines": [], "summary": {"covered_lines": 0, "num_statements": 2, "percent_covered": 0.0, "percent_covered_display": "0", "missing_lines": 2, "excluded_lines": 0}, "missing_lines": [620, 621], "excluded_lines": []}, "": {"executed_lines": [1, 3, 4, 5, 6, 7, 8, 9, 10, 11, 13, 14, 15, 16, 17, 18, 19, 20, 23, 24, 26, 27, 143, 144, 191, 192, 306, 397, 429, 493, 553, 598, 618, 624], "summary": {"covered_lines": 32, "num_statements": 33, "percent_covered": 96.96969696969697, "percent_covered_display": "97", "missing_lines": 1, "excluded_lines": 0}, "missing_lines": [625], "excluded_lines": []}}, "classes": {"SecurityGatewayOrchestrator": {"executed_lines": [37, 39, 40, 41, 43, 44, 45, 48, 51, 59, 66, 67, 70, 78, 79, 81, 82, 84, 90, 98, 99, 101, 102, 109, 110, 111, 112, 113, 115, 123, 125, 134, 136, 137, 141, 154, 156, 163, 171, 176, 178, 184, 185, 189, 204, 205, 213, 214, 215, 218, 219, 221, 222, 223, 225, 226, 229, 230, 231, 234, 235, 237, 238, 239, 240, 242, 243, 244, 245, 260, 264, 265, 266, 267, 281, 282, 286, 288, 289, 295, 296, 297, 298, 300, 304, 316, 320, 322, 324, 327, 330, 331, 332, 334, 342, 346, 354, 358, 361, 367, 378, 381, 382, 383, 393, 394, 395], "summary": {"covered_lines": 107, "num_statements": 212, "percent_covered": 50.471698113207545, "percent_covered_display": "50", "missing_lines": 105, "excluded_lines": 0}, "missing_lines": [91, 95, 116, 120, 179, 183, 253, 274, 301, 302, 406, 408, 410, 411, 414, 415, 416, 417, 418, 419, 420, 421, 424, 425, 427, 439, 441, 442, 443, 447, 449, 450, 454, 456, 459, 460, 461, 462, 463, 464, 465, 466, 467, 469, 470, 474, 477, 478, 482, 484, 491, 499, 502, 503, 504, 507, 511, 512, 515, 519, 520, 523, 525, 526, 530, 531, 535, 536, 537, 540, 542, 551, 556, 559, 560, 561, 564, 565, 569, 572, 573, 574, 577, 578, 579, 580, 581, 582, 585, 586, 587, 588, 590, 591, 592, 593, 594, 596, 600, 603, 606, 607, 610, 613, 615], "excluded_lines": []}, "": {"executed_lines": [1, 3, 4, 5, 6, 7, 8, 9, 10, 11, 13, 14, 15, 16, 17, 18, 19, 20, 23, 24, 26, 27, 143, 144, 191, 192, 306, 397, 429, 493, 553, 598, 618, 624], "summary": {"covered_lines": 32, "num_statements": 35, "percent_covered": 91.42857142857143, "percent_covered_display": "91", "missing_lines": 3, "excluded_lines": 0}, "missing_lines": [620, 621, 625], "excluded_lines": []}}}, "src/proxy_manager.py": {"executed_lines": [1, 3, 4, 6, 9, 10, 12, 35, 36, 37, 38, 39, 40, 41, 42, 44, 53, 55, 56, 60, 102, 111, 114, 115, 117, 120, 122, 124, 130, 131, 134, 138, 144, 145, 148, 149, 156, 159, 160, 169, 175, 179, 185, 187, 194, 195, 197, 198, 202, 207, 213, 215, 216, 222, 230, 236, 237, 239, 240, 241, 243, 249, 250, 257, 258, 260, 261, 265], "summary": {"covered_lines": 66, "num_statements": 88, "percent_covered": 75.0, "percent_covered_display": "75", "missing_lines": 22, "excluded_lines": 0}, "missing_lines": [62, 63, 66, 69, 72, 75, 83, 84, 85, 87, 93, 95, 96, 100, 150, 154, 161, 162, 203, 204, 205, 223], "excluded_lines": [], "functions": {"ProxyManager.__init__": {"executed_lines": [35, 36, 37, 38, 39, 40, 41, 42], "summary": {"covered_lines": 8, "num_statements": 8, "percent_covered": 100.0, "percent_covered_display": "100", "missing_lines": 0, "excluded_lines": 0}, "missing_lines": [], "excluded_lines": []}, "ProxyManager.generate_config": {"executed_lines": [53, 55, 56, 60], "summary": {"covered_lines": 4, "num_statements": 18, "percent_covered": 22.22222222222222, "percent_covered_display": "22", "missing_lines": 14, "excluded_lines": 0}, "missing_lines": [62, 63, 66, 69, 72, 75, 83, 84, 85, 87, 93, 95, 96, 100], "excluded_lines": []}, "ProxyManager._generate_domain_acls": {"executed_lines": [111, 114, 115, 117, 120, 122], "summary": {"covered_lines": 6, "num_statements": 6, "percent_covered": 100.0, "percent_covered_display": "100", "missing_lines": 0, "excluded_lines": 0}, "missing_lines": [], "excluded_lines": []}, "ProxyManager._generate_cache_config": {"executed_lines": [130, 131, 134], "summary": {"covered_lines": 3, "num_statements": 3, "percent_covered": 100.0, "percent_covered_display": "100", "missing_lines": 0, "excluded_lines": 0}, "missing_lines": [], "excluded_lines": []}, "ProxyManager._generate_upstream_proxy_config": {"executed_lines": [144, 145, 148, 149, 156, 159, 160, 169, 175], "summary": {"covered_lines": 9, "num_statements": 13, "percent_covered": 69.23076923076923, "percent_covered_display": "69", "missing_lines": 4, "excluded_lines": 0}, "missing_lines": [150, 154, 161, 162], "excluded_lines": []}, "ProxyManager.reload_config": {"executed_lines": [185, 187, 194, 195, 197, 198, 202], "summary": {"covered_lines": 7, "num_statements": 10, "percent_covered": 70.0, "percent_covered_display": "70", "missing_lines": 3, "excluded_lines": 0}, "missing_lines": [203, 204, 205], "excluded_lines": []}, "ProxyManager.start": {"executed_lines": [213, 215, 216, 222, 230, 236, 237, 239, 240, 241], "summary": {"covered_lines": 10, "num_statements": 11, "percent_covered": 90.9090909090909, "percent_covered_display": "91", "missing_lines": 1, "excluded_lines": 0}, "missing_lines": [223], "excluded_lines": []}, "ProxyManager.stop": {"executed_lines": [249, 250, 257, 258, 260, 261, 265], "summary": {"covered_lines": 7, "num_statements": 7, "percent_covered": 100.0, "percent_covered_display": "100", "missing_lines": 0, "excluded_lines": 0}, "missing_lines": [], "excluded_lines": []}, "": {"executed_lines": [1, 3, 4, 6, 9, 10, 12, 44, 102, 124, 138, 179, 207, 243], "summary": {"covered_lines": 12, "num_statements": 12, "percent_covered": 100.0, "percent_covered_display": "100", "missing_lines": 0, "excluded_lines": 0}, "missing_lines": [], "excluded_lines": []}}, "classes": {"ProxyManager": {"executed_lines": [35, 36, 37, 38, 39, 40, 41, 42, 53, 55, 56, 60, 111, 114, 115, 117, 120, 122, 130, 131, 134, 144, 145, 148, 149, 156, 159, 160, 169, 175, 185, 187, 194, 195, 197, 198, 202, 213, 215, 216, 222, 230, 236, 237, 239, 240, 241, 249, 250, 257, 258, 260, 261, 265], "summary": {"covered_lines": 54, "num_statements": 76, "percent_covered": 71.05263157894737, "percent_covered_display": "71", "missing_lines": 22, "excluded_lines": 0}, "missing_lines": [62, 63, 66, 69, 72, 75, 83, 84, 85, 87, 93, 95, 96, 100, 150, 154, 161, 162, 203, 204, 205, 223], "excluded_lines": []}, "": {"executed_lines": [1, 3, 4, 6, 9, 10, 12, 44, 102, 124, 138, 179, 207, 243], "summary": {"covered_lines": 12, "num_statements": 12, "percent_covered": 100.0, "percent_covered_display": "100", "missing_lines": 0, "excluded_lines": 0}, "missing_lines": [], "excluded_lines": []}}}, "src/proxy_monitor.py": {"executed_lines": [1, 3, 4, 6, 8, 11, 12, 14, 21, 22, 23, 24, 26, 50, 94, 127, 160, 177], "summary": {"covered_lines": 16, "num_statements": 72, "percent_covered": 22.22222222222222, "percent_covered_display": "22", "missing_lines": 56, "excluded_lines": 0}, "missing_lines": [28, 29, 41, 47, 48, 67, 68, 70, 71, 79, 81, 88, 89, 107, 108, 110, 111, 113, 114, 115, 116, 117, 119, 129, 131, 133, 135, 136, 138, 140, 141, 144, 146, 147, 149, 150, 154, 155, 162, 163, 165, 167, 169, 171, 172, 173, 174, 175, 179, 180, 182, 184, 186, 187, 188, 190], "excluded_lines": [], "functions": {"ProxyMonitor.__init__": {"executed_lines": [21, 22, 23, 24], "summary": {"covered_lines": 4, "num_statements": 4, "percent_covered": 100.0, "percent_covered_display": "100", "missing_lines": 0, "excluded_lines": 0}, "missing_lines": [], "excluded_lines": []}, "ProxyMonitor.init_db": {"executed_lines": [], "summary": {"covered_lines": 0, "num_statements": 5, "percent_covered": 0.0, "percent_covered_display": "0", "missing_lines": 5, "excluded_lines": 0}, "missing_lines": [28, 29, 41, 47, 48], "excluded_lines": []}, "ProxyMonitor.record_block": {"executed_lines": [], "summary": {"covered_lines": 0, "num_statements": 8, "percent_covered": 0.0, "percent_covered_display": "0", "missing_lines": 8, "excluded_lines": 0}, "missing_lines": [67, 68, 70, 71, 79, 81, 88, 89], "excluded_lines": []}, "ProxyMonitor._parse_squid_log_line": {"executed_lines": [], "summary": {"covered_lines": 0, "num_statements": 10, "percent_covered": 0.0, "percent_covered_display": "0", "missing_lines": 10, "excluded_lines": 0}, "missing_lines": [107, 108, 110, 111, 113, 114, 115, 116, 117, 119], "excluded_lines": []}, "ProxyMonitor._follow_log": {"executed_lines": [], "summary": {"covered_lines": 0, "num_statements": 15, "percent_covered": 0.0, "percent_covered_display": "0", "missing_lines": 15, "excluded_lines": 0}, "missing_lines": [129, 131, 133, 135, 136, 138, 140, 141, 144, 146, 147, 149, 150, 154, 155], "excluded_lines": []}, "ProxyMonitor.start": {"executed_lines": [], "summary": {"covered_lines": 0, "num_statements": 10, "percent_covered": 0.0, "percent_covered_display": "0", "missing_lines": 10, "excluded_lines": 0}, "missing_lines": [162, 163, 165, 167, 169, 171, 172, 173, 174, 175], "excluded_lines": []}, "ProxyMonitor.stop": {"executed_lines": [], "summary": {"covered_lines": 0, "num_statements": 8, "percent_covered": 0.0, "percent_covered_display": "0", "missing_lines": 8, "excluded_lines": 0}, "missing_lines": [179, 180, 182, 184, 186, 187, 188, 190], "excluded_lines": []}, "": {"executed_lines": [1, 3, 4, 6, 8, 11, 12, 14, 26, 50, 94, 127, 160, 177], "summary": {"covered_lines": 12, "num_statements": 12, "percent_covered": 100.0, "percent_covered_display": "100", "missing_lines": 0, "excluded_lines": 0}, "missing_lines": [], "excluded_lines": []}}, "classes": {"ProxyMonitor": {"executed_lines": [21, 22, 23, 24], "summary": {"covered_lines": 4, "num_statements": 60, "percent_covered": 6.666666666666667, "percent_covered_display": "7", "missing_lines": 56, "excluded_lines": 0}, "missing_lines": [28, 29, 41, 47, 48, 67, 68, 70, 71, 79, 81, 88, 89, 107, 108, 110, 111, 113, 114, 115, 116, 117, 119, 129, 131, 133, 135, 136, 138, 140, 141, 144, 146, 147, 149, 150, 154, 155, 162, 163, 165, 167, 169, 171, 172, 173, 174, 175, 179, 180, 182, 184, 186, 187, 188, 190], "excluded_lines": []}, "": {"executed_lines": [1, 3, 4, 6, 8, 11, 12, 14, 26, 50, 94, 127, 160, 177], "summary": {"covered_lines": 12, "num_statements": 12, "percent_covered": 100.0, "percent_covered_display": "100", "missing_lines": 0, "excluded_lines": 0}, "missing_lines": [], "excluded_lines": []}}}, "src/web_ui/__init__.py": {"executed_lines": [1, 3], "summary": {"covered_lines": 1, "num_statements": 1, "percent_covered": 100.0, "percent_covered_display": "100", "missing_lines": 0, "excluded_lines": 0}, "missing_lines": [], "excluded_lines": [], "functions": {"": {"executed_lines": [1, 3], "summary": {"covered_lines": 1, "num_statements": 1, "percent_covered": 100.0, "percent_covered_display": "100", "missing_lines": 0, "excluded_lines": 0}, "missing_lines": [], "excluded_lines": []}}, "classes": {"": {"executed_lines": [1, 3], "summary": {"covered_lines": 1, "num_statements": 1, "percent_covered": 100.0, "percent_covered_display": "100", "missing_lines": 0, "excluded_lines": 0}, "missing_lines": [], "excluded_lines": []}}}, "src/web_ui/app.py": {"executed_lines": [1, 3, 4, 5, 6, 8, 9, 10, 11, 12, 14, 17, 18, 20, 23, 24, 26, 27, 28, 29, 30, 31, 34, 35, 37, 38, 39, 40, 41, 44, 45, 47, 48, 49, 50, 51, 52, 53, 54, 57, 58, 60, 61, 62, 63, 64, 65, 66, 67, 70, 71, 73, 74, 75, 76, 77, 80, 81, 83, 85, 87, 93, 94, 95, 97, 103, 104, 106, 112, 114, 115, 116, 122, 128, 135, 138, 139, 142, 153, 159, 160, 161, 162, 163, 164, 167, 207, 208, 214, 216, 219, 220, 223, 224, 297, 298, 332, 333, 342, 344, 345, 355, 356, 369, 372, 375, 376, 429, 430, 471, 472, 539, 540, 649, 650, 656, 657, 660, 661, 667, 668, 671, 672, 674, 675, 676, 677, 680, 681, 729, 730, 736, 737, 739, 740, 755, 756, 796, 799, 802, 803, 818, 819, 833, 834, 849, 858], "summary": {"covered_lines": 138, "num_statements": 321, "percent_covered": 42.99065420560748, "percent_covered_display": "43", "missing_lines": 183, "excluded_lines": 0}, "missing_lines": [117, 119, 123, 124, 148, 149, 150, 177, 178, 179, 182, 184, 185, 187, 190, 193, 195, 196, 198, 201, 204, 217, 230, 233, 235, 237, 241, 242, 245, 249, 250, 253, 257, 258, 261, 265, 266, 269, 273, 274, 277, 281, 282, 284, 294, 304, 306, 308, 311, 313, 314, 323, 325, 327, 329, 357, 358, 385, 387, 388, 398, 399, 401, 402, 403, 406, 407, 409, 411, 423, 426, 439, 441, 442, 452, 453, 454, 465, 468, 481, 483, 484, 504, 505, 507, 508, 509, 510, 511, 512, 513, 516, 517, 518, 519, 520, 521, 523, 533, 536, 546, 547, 549, 551, 553, 556, 558, 559, 560, 561, 564, 565, 567, 570, 571, 573, 583, 584, 585, 586, 594, 595, 596, 599, 609, 611, 612, 613, 616, 617, 619, 621, 630, 631, 632, 635, 636, 637, 640, 642, 643, 645, 646, 687, 688, 690, 692, 705, 706, 707, 709, 712, 713, 714, 723, 726, 757, 758, 761, 762, 763, 764, 766, 769, 772, 773, 774, 776, 777, 778, 779, 780, 781, 783, 813, 815, 828, 830, 843, 845, 855, 859, 861], "excluded_lines": [], "functions": {"ConnectionManager.__init__": {"executed_lines": [85], "summary": {"covered_lines": 1, "num_statements": 1, "percent_covered": 100.0, "percent_covered_display": "100", "missing_lines": 0, "excluded_lines": 0}, "missing_lines": [], "excluded_lines": []}, "ConnectionManager.connect": {"executed_lines": [93, 94, 95], "summary": {"covered_lines": 3, "num_statements": 3, "percent_covered": 100.0, "percent_covered_display": "100", "missing_lines": 0, "excluded_lines": 0}, "missing_lines": [], "excluded_lines": []}, "ConnectionManager.disconnect": {"executed_lines": [103, 104], "summary": {"covered_lines": 2, "num_statements": 2, "percent_covered": 100.0, "percent_covered_display": "100", "missing_lines": 0, "excluded_lines": 0}, "missing_lines": [], "excluded_lines": []}, "ConnectionManager.broadcast": {"executed_lines": [112, 114, 115, 116, 122], "summary": {"covered_lines": 5, "num_statements": 9, "percent_covered": 55.55555555555556, "percent_covered_display": "56", "missing_lines": 4, "excluded_lines": 0}, "missing_lines": [117, 119, 123, 124], "excluded_lines": []}, "get_db": {"executed_lines": [], "summary": {"covered_lines": 0, "num_statements": 3, "percent_covered": 0.0, "percent_covered_display": "0", "missing_lines": 3, "excluded_lines": 0}, "missing_lines": [148, 149, 150], "excluded_lines": []}, "load_config": {"executed_lines": [159, 160, 161, 162, 163, 164], "summary": {"covered_lines": 6, "num_statements": 6, "percent_covered": 100.0, "percent_covered_display": "100", "missing_lines": 0, "excluded_lines": 0}, "missing_lines": [], "excluded_lines": []}, "get_current_rule": {"executed_lines": [], "summary": {"covered_lines": 0, "num_statements": 14, "percent_covered": 0.0, "percent_covered_display": "0", "missing_lines": 14, "excluded_lines": 0}, "missing_lines": [177, 178, 179, 182, 184, 185, 187, 190, 193, 195, 196, 198, 201, 204], "excluded_lines": []}, "index": {"executed_lines": [214, 216, 219, 220], "summary": {"covered_lines": 4, "num_statements": 5, "percent_covered": 80.0, "percent_covered_display": "80", "missing_lines": 1, "excluded_lines": 0}, "missing_lines": [217], "excluded_lines": []}, "get_stats": {"executed_lines": [], "summary": {"covered_lines": 0, "num_statements": 23, "percent_covered": 0.0, "percent_covered_display": "0", "missing_lines": 23, "excluded_lines": 0}, "missing_lines": [230, 233, 235, 237, 241, 242, 245, 249, 250, 253, 257, 258, 261, 265, 266, 269, 273, 274, 277, 281, 282, 284, 294], "excluded_lines": []}, "get_cache_stats": {"executed_lines": [], "summary": {"covered_lines": 0, "num_statements": 10, "percent_covered": 0.0, "percent_covered_display": "0", "missing_lines": 10, "excluded_lines": 0}, "missing_lines": [304, 306, 308, 311, 313, 314, 323, 325, 327, 329], "excluded_lines": []}, "get_logs": {"executed_lines": [342, 344, 345, 355, 356, 369, 372], "summary": {"covered_lines": 7, "num_statements": 9, "percent_covered": 77.77777777777777, "percent_covered_display": "78", "missing_lines": 2, "excluded_lines": 0}, "missing_lines": [357, 358], "excluded_lines": []}, "get_firewall_blocks": {"executed_lines": [], "summary": {"covered_lines": 0, "num_statements": 14, "percent_covered": 0.0, "percent_covered_display": "0", "missing_lines": 14, "excluded_lines": 0}, "missing_lines": [385, 387, 388, 398, 399, 401, 402, 403, 406, 407, 409, 411, 423, 426], "excluded_lines": []}, "get_proxy_blocks": {"executed_lines": [], "summary": {"covered_lines": 0, "num_statements": 8, "percent_covered": 0.0, "percent_covered_display": "0", "missing_lines": 8, "excluded_lines": 0}, "missing_lines": [439, 441, 442, 452, 453, 454, 465, 468], "excluded_lines": []}, "get_blocked_ips": {"executed_lines": [], "summary": {"covered_lines": 0, "num_statements": 21, "percent_covered": 0.0, "percent_covered_display": "0", "missing_lines": 21, "excluded_lines": 0}, "missing_lines": [481, 483, 484, 504, 505, 507, 508, 509, 510, 511, 512, 513, 516, 517, 518, 519, 520, 521, 523, 533, 536], "excluded_lines": []}, "websocket_endpoint": {"executed_lines": [], "summary": {"covered_lines": 0, "num_statements": 43, "percent_covered": 0.0, "percent_covered_display": "0", "missing_lines": 43, "excluded_lines": 0}, "missing_lines": [546, 547, 549, 551, 553, 556, 558, 559, 560, 561, 564, 565, 567, 570, 571, 573, 583, 584, 585, 586, 594, 595, 596, 599, 609, 611, 612, 613, 616, 617, 619, 621, 630, 631, 632, 635, 636, 637, 640, 642, 643, 645, 646], "excluded_lines": []}, "get_allowed_domains": {"executed_lines": [656, 657], "summary": {"covered_lines": 2, "num_statements": 2, "percent_covered": 100.0, "percent_covered_display": "100", "missing_lines": 0, "excluded_lines": 0}, "missing_lines": [], "excluded_lines": []}, "get_blocked_domains": {"executed_lines": [667, 668], "summary": {"covered_lines": 2, "num_statements": 2, "percent_covered": 100.0, "percent_covered_display": "100", "missing_lines": 0, "excluded_lines": 0}, "missing_lines": [], "excluded_lines": []}, "get_blocked_actual_domains": {"executed_lines": [], "summary": {"covered_lines": 0, "num_statements": 13, "percent_covered": 0.0, "percent_covered_display": "0", "missing_lines": 13, "excluded_lines": 0}, "missing_lines": [687, 688, 690, 692, 705, 706, 707, 709, 712, 713, 714, 723, 726], "excluded_lines": []}, "get_unique_domains": {"executed_lines": [736, 737, 739, 740, 755, 756, 796, 799], "summary": {"covered_lines": 8, "num_statements": 26, "percent_covered": 30.76923076923077, "percent_covered_display": "31", "missing_lines": 18, "excluded_lines": 0}, "missing_lines": [757, 758, 761, 762, 763, 764, 766, 769, 772, 773, 774, 776, 777, 778, 779, 780, 781, 783], "excluded_lines": []}, "add_allowed_domain": {"executed_lines": [], "summary": {"covered_lines": 0, "num_statements": 2, "percent_covered": 0.0, "percent_covered_display": "0", "missing_lines": 2, "excluded_lines": 0}, "missing_lines": [813, 815], "excluded_lines": []}, "remove_allowed_domain": {"executed_lines": [], "summary": {"covered_lines": 0, "num_statements": 2, "percent_covered": 0.0, "percent_covered_display": "0", "missing_lines": 2, "excluded_lines": 0}, "missing_lines": [828, 830], "excluded_lines": []}, "add_blocked_domain": {"executed_lines": [], "summary": {"covered_lines": 0, "num_statements": 2, "percent_covered": 0.0, "percent_covered_display": "0", "missing_lines": 2, "excluded_lines": 0}, "missing_lines": [843, 845], "excluded_lines": []}, "broadcast_log": {"executed_lines": [], "summary": {"covered_lines": 0, "num_statements": 1, "percent_covered": 0.0, "percent_covered_display": "0", "missing_lines": 1, "excluded_lines": 0}, "missing_lines": [855], "excluded_lines": []}, "": {"executed_lines": [1, 3, 4, 5, 6, 8, 9, 10, 11, 12, 14, 17, 18, 20, 23, 24, 26, 27, 28, 29, 30, 31, 34, 35, 37, 38, 39, 40, 41, 44, 45, 47, 48, 49, 50, 51, 52, 53, 54, 57, 58, 60, 61, 62, 63, 64, 65, 66, 67, 70, 71, 73, 74, 75, 76, 77, 80, 81, 83, 87, 97, 106, 128, 135, 138, 139, 142, 153, 167, 207, 208, 223, 224, 297, 298, 332, 333, 375, 376, 429, 430, 471, 472, 539, 540, 649, 650, 660, 661, 671, 672, 674, 675, 676, 677, 680, 681, 729, 730, 802, 803, 818, 819, 833, 834, 849, 858], "summary": {"covered_lines": 98, "num_statements": 100, "percent_covered": 98.0, "percent_covered_display": "98", "missing_lines": 2, "excluded_lines": 0}, "missing_lines": [859, 861], "excluded_lines": []}}, "classes": {"DomainRequest": {"executed_lines": [], "summary": {"covered_lines": 0, "num_statements": 0, "percent_covered": 100.0, "percent_covered_display": "100", "missing_lines": 0, "excluded_lines": 0}, "missing_lines": [], "excluded_lines": []}, "StatsResponse": {"executed_lines": [], "summary": {"covered_lines": 0, "num_statements": 0, "percent_covered": 100.0, "percent_covered_display": "100", "missing_lines": 0, "excluded_lines": 0}, "missing_lines": [], "excluded_lines": []}, "CacheStatsResponse": {"executed_lines": [], "summary": {"covered_lines": 0, "num_statements": 0, "percent_covered": 100.0, "percent_covered_display": "100", "missing_lines": 0, "excluded_lines": 0}, "missing_lines": [], "excluded_lines": []}, "LogEntry": {"executed_lines": [], "summary": {"covered_lines": 0, "num_statements": 0, "percent_covered": 100.0, "percent_covered_display": "100", "missing_lines": 0, "excluded_lines": 0}, "missing_lines": [], "excluded_lines": []}, "DomainInfo": {"executed_lines": [], "summary": {"covered_lines": 0, "num_statements": 0, "percent_covered": 100.0, "percent_covered_display": "100", "missing_lines": 0, "excluded_lines": 0}, "missing_lines": [], "excluded_lines": []}, "BlockedIPInfo": {"executed_lines": [], "summary": {"covered_lines": 0, "num_statements": 0, "percent_covered": 100.0, "percent_covered_display": "100", "missing_lines": 0, "excluded_lines": 0}, "missing_lines": [], "excluded_lines": []}, "ConnectionManager": {"executed_lines": [85, 93, 94, 95, 103, 104, 112, 114, 115, 116, 122], "summary": {"covered_lines": 11, "num_statements": 15, "percent_covered": 73.33333333333333, "percent_covered_display": "73", "missing_lines": 4, "excluded_lines": 0}, "missing_lines": [117, 119, 123, 124], "excluded_lines": []}, "BlockedDomainInfo": {"executed_lines": [], "summary": {"covered_lines": 0, "num_statements": 0, "percent_covered": 100.0, "percent_covered_display": "100", "missing_lines": 0, "excluded_lines": 0}, "missing_lines": [], "excluded_lines": []}, "": {"executed_lines": [1, 3, 4, 5, 6, 8, 9, 10, 11, 12, 14, 17, 18, 20, 23, 24, 26, 27, 28, 29, 30, 31, 34, 35, 37, 38, 39, 40, 41, 44, 45, 47, 48, 49, 50, 51, 52, 53, 54, 57, 58, 60, 61, 62, 63, 64, 65, 66, 67, 70, 71, 73, 74, 75, 76, 77, 80, 81, 83, 87, 97, 106, 128, 135, 138, 139, 142, 153, 159, 160, 161, 162, 163, 164, 167, 207, 208, 214, 216, 219, 220, 223, 224, 297, 298, 332, 333, 342, 344, 345, 355, 356, 369, 372, 375, 376, 429, 430, 471, 472, 539, 540, 649, 650, 656, 657, 660, 661, 667, 668, 671, 672, 674, 675, 676, 677, 680, 681, 729, 730, 736, 737, 739, 740, 755, 756, 796, 799, 802, 803, 818, 819, 833, 834, 849, 858], "summary": {"covered_lines": 127, "num_statements": 306, "percent_covered": 41.50326797385621, "percent_covered_display": "42", "missing_lines": 179, "excluded_lines": 0}, "missing_lines": [148, 149, 150, 177, 178, 179, 182, 184, 185, 187, 190, 193, 195, 196, 198, 201, 204, 217, 230, 233, 235, 237, 241, 242, 245, 249, 250, 253, 257, 258, 261, 265, 266, 269, 273, 274, 277, 281, 282, 284, 294, 304, 306, 308, 311, 313, 314, 323, 325, 327, 329, 357, 358, 385, 387, 388, 398, 399, 401, 402, 403, 406, 407, 409, 411, 423, 426, 439, 441, 442, 452, 453, 454, 465, 468, 481, 483, 484, 504, 505, 507, 508, 509, 510, 511, 512, 513, 516, 517, 518, 519, 520, 521, 523, 533, 536, 546, 547, 549, 551, 553, 556, 558, 559, 560, 561, 564, 565, 567, 570, 571, 573, 583, 584, 585, 586, 594, 595, 596, 599, 609, 611, 612, 613, 616, 617, 619, 621, 630, 631, 632, 635, 636, 637, 640, 642, 643, 645, 646, 687, 688, 690, 692, 705, 706, 707, 709, 712, 713, 714, 723, 726, 757, 758, 761, 762, 763, 764, 766, 769, 772, 773, 774, 776, 777, 778, 779, 780, 781, 783, 813, 815, 828, 830, 843, 845, 855, 859, 861], "excluded_lines": []}}}}, "totals": {"covered_lines": 726, "num_statements": 1452, "percent_covered": 50.0, "percent_covered_display": "50", "missing_lines": 726, "excluded_lines": 0}}